<?xml version="1.0" encoding="UTF-8"?>
<!-- Generated by org.testng.reporters.JUnitXMLReporter -->
<testsuite ignored="0" hostname="DESKTOP-CFSKSBJ" failures="0" tests="7" name="TestChrome" time="48.223" errors="0" timestamp="2024-11-03T01:12:19 IST">
  <testcase classname="testCases.TC001_AccountRegistrationTest" name="verify_account_registration" time="2.175"/>
  <testcase classname="testCases.TC002_LoginTest" name="verify_Login" time="1.605"/>
  <testcase classname="testCases.TC003_LoginDDT" name="verify_LoginDDT" time="1.549"/>
  <testcase classname="testCases.TC003_LoginDDT" name="verify_LoginDDT" time="10.811"/>
  <testcase classname="testCases.TC003_LoginDDT" name="verify_LoginDDT" time="10.886"/>
  <testcase classname="testCases.TC003_LoginDDT" name="verify_LoginDDT" time="10.884"/>
  <testcase classname="testCases.TC003_LoginDDT" name="verify_LoginDDT" time="1.248"/>
</testsuite> <!-- TestChrome -->
