<?xml version="1.0" encoding="UTF-8"?>
<!-- Generated by org.testng.reporters.JUnitXMLReporter -->
<testsuite ignored="0" hostname="DESKTOP-CFSKSBJ" failures="1" tests="2" name="TestChrome" time="23.92" errors="0" timestamp="2024-11-03T23:53:17 IST">
  <testcase classname="testCases.TC001_AccountRegistrationTest" name="verify_account_registration" time="3.107"/>
  <testcase classname="testCases.TC002_LoginTest" name="verify_Login" time="12.952">
    <failure type="java.lang.AssertionError" message="Login Falied expected [true] but found [false]">
      <![CDATA[java.lang.AssertionError: Login Falied expected [true] but found [false]
at testCases.TC002_LoginTest.verify_Login(TC002_LoginTest.java:34)
at java.base/java.util.ArrayList.forEach(ArrayList.java:1597)
... Removed 31 stack frames]]>
    </failure>
  </testcase> <!-- verify_Login -->
</testsuite> <!-- TestChrome -->
