<?xml version="1.0" encoding="UTF-8"?>
<!-- Generated by org.testng.reporters.JUnitXMLReporter -->
<testsuite ignored="0" hostname="DESKTOP-CFSKSBJ" failures="0" tests="7" name="TestChrome" time="68.459" errors="0" timestamp="2024-11-02T21:17:59 IST">
  <testcase classname="testCases.TC001_AccountRegistrationTest" name="verify_account_registration" time="4.388"/>
  <testcase classname="testCases.TC002_LoginTest" name="verify_Login" time="2.405"/>
  <testcase classname="testCases.TC003_LoginDDT" name="verify_LoginDDT" time="5.783"/>
  <testcase classname="testCases.TC003_LoginDDT" name="verify_LoginDDT" time="11.716"/>
  <testcase classname="testCases.TC003_LoginDDT" name="verify_LoginDDT" time="11.783"/>
  <testcase classname="testCases.TC003_LoginDDT" name="verify_LoginDDT" time="11.713"/>
  <testcase classname="testCases.TC003_LoginDDT" name="verify_LoginDDT" time="2.141"/>
</testsuite> <!-- TestChrome -->
