<?xml version="1.0" encoding="UTF-8"?>
<!-- Generated by org.testng.reporters.JUnitXMLReporter -->
<testsuite ignored="0" hostname="DESKTOP-CFSKSBJ" failures="0" tests="7" name="TestFirefox" time="78.712" errors="0" timestamp="2024-11-02T21:18:09 IST">
  <testcase classname="testCases.TC001_AccountRegistrationTest" name="verify_account_registration" time="2.302"/>
  <testcase classname="testCases.TC002_LoginTest" name="verify_Login" time="2.817"/>
  <testcase classname="testCases.TC003_LoginDDT" name="verify_LoginDDT" time="1.564"/>
  <testcase classname="testCases.TC003_LoginDDT" name="verify_LoginDDT" time="11.348"/>
  <testcase classname="testCases.TC003_LoginDDT" name="verify_LoginDDT" time="11.487"/>
  <testcase classname="testCases.TC003_LoginDDT" name="verify_LoginDDT" time="10.999"/>
  <testcase classname="testCases.TC003_LoginDDT" name="verify_LoginDDT" time="1.306"/>
</testsuite> <!-- TestFirefox -->
