<?xml version="1.0" encoding="UTF-8"?>
<!-- Generated by org.testng.reporters.JUnitXMLReporter -->
<testsuite ignored="0" hostname="DESKTOP-CFSKSBJ" failures="0" tests="7" name="TestEdge" time="69.637" errors="0" timestamp="2024-11-02T21:18:00 IST">
  <testcase classname="testCases.TC001_AccountRegistrationTest" name="verify_account_registration" time="3.75"/>
  <testcase classname="testCases.TC002_LoginTest" name="verify_Login" time="2.231"/>
  <testcase classname="testCases.TC003_LoginDDT" name="verify_LoginDDT" time="4.903"/>
  <testcase classname="testCases.TC003_LoginDDT" name="verify_LoginDDT" time="11.829"/>
  <testcase classname="testCases.TC003_LoginDDT" name="verify_LoginDDT" time="11.788"/>
  <testcase classname="testCases.TC003_LoginDDT" name="verify_LoginDDT" time="11.789"/>
  <testcase classname="testCases.TC003_LoginDDT" name="verify_LoginDDT" time="2.215"/>
</testsuite> <!-- TestEdge -->
