<?xml version="1.0" encoding="UTF-8"?>
<!-- Generated by org.testng.reporters.JUnitXMLReporter -->
<testsuite ignored="0" hostname="DESKTOP-CFSKSBJ" failures="0" tests="7" name="TestEdge" time="69.271" errors="0" timestamp="2024-11-02T21:19:42 IST">
  <testcase classname="testCases.TC001_AccountRegistrationTest" name="verify_account_registration" time="3.689"/>
  <testcase classname="testCases.TC002_LoginTest" name="verify_Login" time="2.181"/>
  <testcase classname="testCases.TC003_LoginDDT" name="verify_LoginDDT" time="3.825"/>
  <testcase classname="testCases.TC003_LoginDDT" name="verify_LoginDDT" time="12.157"/>
  <testcase classname="testCases.TC003_LoginDDT" name="verify_LoginDDT" time="12.177"/>
  <testcase classname="testCases.TC003_LoginDDT" name="verify_LoginDDT" time="11.109"/>
  <testcase classname="testCases.TC003_LoginDDT" name="verify_LoginDDT" time="2.221"/>
</testsuite> <!-- TestEdge -->
