<?xml version="1.0" encoding="UTF-8"?>
<!-- Generated by org.testng.reporters.JUnitXMLReporter -->
<testsuite ignored="0" hostname="DESKTOP-CFSKSBJ" failures="0" tests="7" name="TestFirefox" time="79.876" errors="0" timestamp="2024-11-02T21:19:53 IST">
  <testcase classname="testCases.TC001_AccountRegistrationTest" name="verify_account_registration" time="2.607"/>
  <testcase classname="testCases.TC002_LoginTest" name="verify_Login" time="2.461"/>
  <testcase classname="testCases.TC003_LoginDDT" name="verify_LoginDDT" time="2.229"/>
  <testcase classname="testCases.TC003_LoginDDT" name="verify_LoginDDT" time="11.207"/>
  <testcase classname="testCases.TC003_LoginDDT" name="verify_LoginDDT" time="11.004"/>
  <testcase classname="testCases.TC003_LoginDDT" name="verify_LoginDDT" time="11.712"/>
  <testcase classname="testCases.TC003_LoginDDT" name="verify_LoginDDT" time="1.231"/>
</testsuite> <!-- TestFirefox -->
