<?xml version="1.0" encoding="UTF-8"?>
<!-- Generated by org.testng.reporters.JUnitXMLReporter -->
<testsuite ignored="0" hostname="DESKTOP-CFSKSBJ" failures="0" tests="7" name="TestChrome" time="68.015" errors="0" timestamp="2024-11-02T21:19:41 IST">
  <testcase classname="testCases.TC001_AccountRegistrationTest" name="verify_account_registration" time="3.944"/>
  <testcase classname="testCases.TC002_LoginTest" name="verify_Login" time="2.274"/>
  <testcase classname="testCases.TC003_LoginDDT" name="verify_LoginDDT" time="5.146"/>
  <testcase classname="testCases.TC003_LoginDDT" name="verify_LoginDDT" time="11.946"/>
  <testcase classname="testCases.TC003_LoginDDT" name="verify_LoginDDT" time="12.272"/>
  <testcase classname="testCases.TC003_LoginDDT" name="verify_LoginDDT" time="11.035"/>
  <testcase classname="testCases.TC003_LoginDDT" name="verify_LoginDDT" time="2.111"/>
</testsuite> <!-- TestChrome -->
