<?xml version="1.0" encoding="UTF-8"?>
<testng-results ignored="0" total="3" passed="3" failed="0" skipped="0">
  <reporter-output>
  </reporter-output>
  <suite started-at="2024-11-01T18:46:15 IST" name="Suite" finished-at="2024-11-01T18:46:46 IST" duration-ms="30294">
    <groups>
    </groups>
    <test started-at="2024-11-01T18:46:15 IST" name="TestChrome" finished-at="2024-11-01T18:46:24 IST" duration-ms="8674">
      <class name="testCases.TC001_AccountRegistrationTest">
        <test-method is-config="true" signature="setup(java.lang.String,java.lang.String)[pri:0, instance:testCases.TC001_AccountRegistrationTest@18230356]" started-at="2024-11-01T18:46:15 IST" name="setup" finished-at="2024-11-01T18:46:20 IST" duration-ms="4748" status="PASS">
          <params>
            <param index="0">
              <value>
                <![CDATA[Windows]]>
              </value>
            </param>
            <param index="1">
              <value>
                <![CDATA[chrome]]>
              </value>
            </param>
          </params>
          <reporter-output>
          </reporter-output>
        </test-method> <!-- setup -->
        <test-method signature="verify_account_registration()[pri:0, instance:testCases.TC001_AccountRegistrationTest@18230356]" started-at="2024-11-01T18:46:20 IST" name="verify_account_registration" finished-at="2024-11-01T18:46:24 IST" duration-ms="3475" status="PASS">
          <reporter-output>
          </reporter-output>
        </test-method> <!-- verify_account_registration -->
        <test-method is-config="true" signature="tearDown()[pri:0, instance:testCases.TC001_AccountRegistrationTest@18230356]" started-at="2024-11-01T18:46:24 IST" name="tearDown" finished-at="2024-11-01T18:46:24 IST" duration-ms="361" status="PASS">
          <reporter-output>
          </reporter-output>
        </test-method> <!-- tearDown -->
      </class> <!-- testCases.TC001_AccountRegistrationTest -->
    </test> <!-- TestChrome -->
    <test started-at="2024-11-01T18:46:24 IST" name="TestEdge" finished-at="2024-11-01T18:46:33 IST" duration-ms="9051">
      <class name="testCases.TC001_AccountRegistrationTest">
        <test-method is-config="true" signature="setup(java.lang.String,java.lang.String)[pri:0, instance:testCases.TC001_AccountRegistrationTest@7a791b66]" started-at="2024-11-01T18:46:24 IST" name="setup" finished-at="2024-11-01T18:46:28 IST" duration-ms="4344" status="PASS">
          <params>
            <param index="0">
              <value>
                <![CDATA[Windows]]>
              </value>
            </param>
            <param index="1">
              <value>
                <![CDATA[edge]]>
              </value>
            </param>
          </params>
          <reporter-output>
          </reporter-output>
        </test-method> <!-- setup -->
        <test-method signature="verify_account_registration()[pri:0, instance:testCases.TC001_AccountRegistrationTest@7a791b66]" started-at="2024-11-01T18:46:28 IST" name="verify_account_registration" finished-at="2024-11-01T18:46:32 IST" duration-ms="3099" status="PASS">
          <reporter-output>
          </reporter-output>
        </test-method> <!-- verify_account_registration -->
        <test-method is-config="true" signature="tearDown()[pri:0, instance:testCases.TC001_AccountRegistrationTest@7a791b66]" started-at="2024-11-01T18:46:32 IST" name="tearDown" finished-at="2024-11-01T18:46:33 IST" duration-ms="1603" status="PASS">
          <reporter-output>
          </reporter-output>
        </test-method> <!-- tearDown -->
      </class> <!-- testCases.TC001_AccountRegistrationTest -->
    </test> <!-- TestEdge -->
    <test started-at="2024-11-01T18:46:33 IST" name="TestFirefox" finished-at="2024-11-01T18:46:46 IST" duration-ms="12477">
      <class name="testCases.TC001_AccountRegistrationTest">
        <test-method is-config="true" signature="setup(java.lang.String,java.lang.String)[pri:0, instance:testCases.TC001_AccountRegistrationTest@590c73d3]" started-at="2024-11-01T18:46:33 IST" name="setup" finished-at="2024-11-01T18:46:42 IST" duration-ms="8515" status="PASS">
          <params>
            <param index="0">
              <value>
                <![CDATA[Windows]]>
              </value>
            </param>
            <param index="1">
              <value>
                <![CDATA[firefox]]>
              </value>
            </param>
          </params>
          <reporter-output>
          </reporter-output>
        </test-method> <!-- setup -->
        <test-method signature="verify_account_registration()[pri:0, instance:testCases.TC001_AccountRegistrationTest@590c73d3]" started-at="2024-11-01T18:46:42 IST" name="verify_account_registration" finished-at="2024-11-01T18:46:44 IST" duration-ms="2201" status="PASS">
          <reporter-output>
          </reporter-output>
        </test-method> <!-- verify_account_registration -->
        <test-method is-config="true" signature="tearDown()[pri:0, instance:testCases.TC001_AccountRegistrationTest@590c73d3]" started-at="2024-11-01T18:46:44 IST" name="tearDown" finished-at="2024-11-01T18:46:46 IST" duration-ms="1757" status="PASS">
          <reporter-output>
          </reporter-output>
        </test-method> <!-- tearDown -->
      </class> <!-- testCases.TC001_AccountRegistrationTest -->
    </test> <!-- TestFirefox -->
  </suite> <!-- Suite -->
</testng-results>
