<?xml version="1.0" encoding="UTF-8"?>
<testsuite xmlns:xsi="http://www.w3.org/2001/XMLSchema-instance" xsi:noNamespaceSchemaLocation="https://maven.apache.org/surefire/maven-surefire-plugin/xsd/surefire-test-report-3.0.xsd" version="3.0" name="TestSuite" time="81.146" tests="21" errors="0" skipped="0" failures="0">
  <properties>
[...]
</properties>
  <testcase name="verify_account_registration" classname="testCases.TC001_AccountRegistrationTest" time="2.83"/>
  <testcase name="verify_account_registration" classname="testCases.TC001_AccountRegistrationTest" time="3.944"/>
  <testcase name="verify_account_registration" classname="testCases.TC001_AccountRegistrationTest" time="2.606">
    <system-out><![CDATA[2024-11-02T15:48:44.241849800Z TestNG-tests-2 WARN The Logger testCases.TC002_LoginTest was created with the message factory org.apache.logging.log4j.message.ReusableMessageFactory@3969a887 and is now requested with a null message factory (defaults to org.apache.logging.log4j.message.ParameterizedMessageFactory), which may create log events with unexpected formatting.
]]></system-out>
  </testcase>
  <testcase name="verify_Login" classname="testCases.TC002_LoginTest" time="0.663">
    <system-out><![CDATA[2024-11-02T15:48:48.940908500Z TestNG-tests-3 WARN The Logger testCases.TC002_LoginTest was created with the message factory org.apache.logging.log4j.message.ReusableMessageFactory@3969a887 and is now requested with a null message factory (defaults to org.apache.logging.log4j.message.ParameterizedMessageFactory), which may create log events with unexpected formatting.
]]></system-out>
  </testcase>
  <testcase name="verify_Login" classname="testCases.TC002_LoginTest" time="2.181"/>
  <testcase name="verify_Login" classname="testCases.TC002_LoginTest" time="0.359"/>
  <testcase name="verify_LoginDDT[shamnitjsr@gmail.com, NewYorkLife@123, Valid](1)" classname="testCases.TC003_LoginDDT" time="2.104">
    <system-out><![CDATA[2024-11-02T15:48:52.915199300Z TestNG-tests-2 WARN The Logger testCases.TC003_LoginDDT was created with the message factory org.apache.logging.log4j.message.ReusableMessageFactory@3969a887 and is now requested with a null message factory (defaults to org.apache.logging.log4j.message.ParameterizedMessageFactory), which may create log events with unexpected formatting.
]]></system-out>
  </testcase>
  <testcase name="verify_LoginDDT[shamnitjsr@gmail.com, NewYorkLife@123, Valid](1)" classname="testCases.TC003_LoginDDT" time="0.0"/>
  <testcase name="verify_LoginDDT[shamnitjsr@gmail.com, NewYorkLife@123, Valid](1)" classname="testCases.TC003_LoginDDT" time="1.696"/>
  <testcase name="verify_LoginDDT[sham123@yahoo.com, Sham123, Invalid](2)" classname="testCases.TC003_LoginDDT" time="0.32">
    <system-out><![CDATA[2024-11-02T15:49:07.463370400Z TestNG-tests-3 WARN The Logger testCases.TC003_LoginDDT was created with the message factory org.apache.logging.log4j.message.ReusableMessageFactory@3969a887 and is now requested with a null message factory (defaults to org.apache.logging.log4j.message.ParameterizedMessageFactory), which may create log events with unexpected formatting.
]]></system-out>
  </testcase>
  <testcase name="verify_LoginDDT[sham123@yahoo.com, Sham123, Invalid](2)" classname="testCases.TC003_LoginDDT" time="0.205"/>
  <testcase name="verify_LoginDDT[sham123@yahoo.com, Sham123, Invalid](2)" classname="testCases.TC003_LoginDDT" time="0.721"/>
  <testcase name="verify_LoginDDT[raju123@yahoo.com, Raju123, Invalid](3)" classname="testCases.TC003_LoginDDT" time="10.356"/>
  <testcase name="verify_LoginDDT[raju123@yahoo.com, Raju123, Invalid](3)" classname="testCases.TC003_LoginDDT" time="0.122"/>
  <testcase name="verify_LoginDDT[raju123@yahoo.com, Raju123, Invalid](3)" classname="testCases.TC003_LoginDDT" time="0.619"/>
  <testcase name="verify_LoginDDT[kalua@yahoo.com, xzse123, Invalid](4)" classname="testCases.TC003_LoginDDT" time="10.193"/>
  <testcase name="verify_LoginDDT[kalua@yahoo.com, xzse123, Invalid](4)" classname="testCases.TC003_LoginDDT" time="0.191"/>
  <testcase name="verify_LoginDDT[kalua@yahoo.com, xzse123, Invalid](4)" classname="testCases.TC003_LoginDDT" time="11.712"/>
  <testcase name="verify_LoginDDT[abc123@gmail.com, test@123, Valid](5)" classname="testCases.TC003_LoginDDT" time="1.302"/>
  <testcase name="verify_LoginDDT[abc123@gmail.com, test@123, Valid](5)" classname="testCases.TC003_LoginDDT" time="1.607"/>
  <testcase name="verify_LoginDDT[abc123@gmail.com, test@123, Valid](5)" classname="testCases.TC003_LoginDDT" time="1.231"/>
</testsuite>