<?xml version="1.0" encoding="UTF-8"?>
<testng-results ignored="0" total="1" passed="1" failed="0" skipped="0">
  <reporter-output>
  </reporter-output>
  <suite started-at="2024-11-01T15:00:02 IST" name="Suite" finished-at="2024-11-01T15:00:08 IST" duration-ms="5942">
    <groups>
    </groups>
    <test started-at="2024-11-01T15:00:02 IST" name="Test" finished-at="2024-11-01T15:00:08 IST" duration-ms="5942">
      <class name="testCases.TC001_AccountRegistrationTest">
        <test-method is-config="true" signature="setup()[pri:0, instance:testCases.TC001_AccountRegistrationTest@4c2cc639]" started-at="2024-11-01T15:00:02 IST" name="setup" finished-at="2024-11-01T15:00:05 IST" duration-ms="3695" status="PASS">
          <reporter-output>
          </reporter-output>
        </test-method> <!-- setup -->
        <test-method signature="verify_account_registration()[pri:0, instance:testCases.TC001_AccountRegistrationTest@4c2cc639]" started-at="2024-11-01T15:00:05 IST" name="verify_account_registration" finished-at="2024-11-01T15:00:07 IST" duration-ms="2001" status="PASS">
          <reporter-output>
          </reporter-output>
        </test-method> <!-- verify_account_registration -->
        <test-method is-config="true" signature="tearDown()[pri:0, instance:testCases.TC001_AccountRegistrationTest@4c2cc639]" started-at="2024-11-01T15:00:07 IST" name="tearDown" finished-at="2024-11-01T15:00:08 IST" duration-ms="203" status="PASS">
          <reporter-output>
          </reporter-output>
        </test-method> <!-- tearDown -->
      </class> <!-- testCases.TC001_AccountRegistrationTest -->
    </test> <!-- Test -->
  </suite> <!-- Suite -->
</testng-results>
